<?xml version="1.0" encoding="UTF-8"?>
<!-- Generated by org.testng.reporters.JUnitReportReporter -->
<testsuite hostname="TYC1121225" failures="0" tests="1" name="com.timeKeeping.actitime.customer.CreateCustomerTest" time="30.367" errors="0" timestamp="2022-08-06T15:56:09 IST" skipped="0">
  <testcase classname="com.timeKeeping.actitime.customer.CreateCustomerTest" name="createCustomerTest" time="30.367"/>
  <system-out/>
</testsuite> <!-- com.timeKeeping.actitime.customer.CreateCustomerTest -->
