<?xml version="1.0" encoding="UTF-8"?>
<!-- Generated by org.testng.reporters.JUnitReportReporter -->
<testsuite hostname="TYC1121225" failures="0" tests="2" name="com.timeKeeping.actitime.basicTest.CreateOrgTest" time="0.005" errors="0" timestamp="2022-07-23T15:11:12 IST" skipped="0">
  <testcase classname="com.timeKeeping.actitime.basicTest.CreateOrgTest" name="demo4" time="0.005"/>
  <system-out>
    <![CDATA[Report Message]]>
  </system-out>
  <testcase classname="com.timeKeeping.actitime.basicTest.CreateOrgTest" name="demo5" time="0.000"/>
  <system-out/>
</testsuite> <!-- com.timeKeeping.actitime.basicTest.CreateOrgTest -->
