<?xml version="1.0" encoding="UTF-8"?>
<!-- Generated by org.testng.reporters.JUnitReportReporter -->
<testsuite hostname="TYC1121225" failures="0" tests="2" name="com.timeKeeping.actitime.basicTest.CrossBrowserTesting1" time="1.739" errors="0" timestamp="2022-07-23T14:56:18 IST" skipped="0">
  <testcase classname="com.timeKeeping.actitime.basicTest.CrossBrowserTesting1" name="demo" time="0.001"/>
  <system-out/>
  <testcase classname="com.timeKeeping.actitime.basicTest.CrossBrowserTesting1" name="demo" time="1.738"/>
  <system-out/>
</testsuite> <!-- com.timeKeeping.actitime.basicTest.CrossBrowserTesting1 -->
