<?xml version="1.0" encoding="UTF-8"?>
<!-- Generated by org.testng.reporters.JUnitReportReporter -->
<testsuite hostname="TYC1121225" failures="0" tests="1" name="com.timeKeeping.actitime.basicTest.Assertion" time="0.019" errors="0" timestamp="2022-07-30T14:28:54 IST" skipped="0">
  <testcase classname="com.timeKeeping.actitime.basicTest.Assertion" name="demo" time="0.019"/>
  <system-out/>
</testsuite> <!-- com.timeKeeping.actitime.basicTest.Assertion -->
