<?xml version="1.0" encoding="UTF-8"?>
<!-- Generated by org.testng.reporters.JUnitReportReporter -->
<testsuite hostname="TYC1121225" failures="0" tests="2" name="com.timeKeeping.actitime.basicTest.CreateContact" time="0.014" errors="0" timestamp="2022-07-30T15:38:26 IST" skipped="0">
  <testcase classname="com.timeKeeping.actitime.basicTest.CreateContact" name="product" time="0.002"/>
  <system-out/>
  <testcase classname="com.timeKeeping.actitime.basicTest.CreateContact" name="contact" time="0.012"/>
  <system-out/>
</testsuite> <!-- com.timeKeeping.actitime.basicTest.CreateContact -->
