<?xml version="1.0" encoding="UTF-8"?>
<!-- Generated by org.testng.reporters.JUnitReportReporter -->
<testsuite hostname="TYC1121225" failures="0" tests="3" name="com.timeKeeping.actitime.basicTest.CreateProductTest" time="14.541" errors="0" timestamp="2022-07-23T14:31:15 IST" skipped="0">
  <testcase classname="com.timeKeeping.actitime.basicTest.CreateProductTest" name="demo1" time="4.866"/>
  <system-out/>
  <testcase classname="com.timeKeeping.actitime.basicTest.CreateProductTest" name="demo1" time="4.532"/>
  <system-out/>
  <testcase classname="com.timeKeeping.actitime.basicTest.CreateProductTest" name="demo1" time="5.143"/>
  <system-out/>
</testsuite> <!-- com.timeKeeping.actitime.basicTest.CreateProductTest -->
