<?xml version="1.0" encoding="UTF-8"?>
<!-- Generated by org.testng.reporters.JUnitReportReporter -->
<testsuite hostname="TYC1121225" failures="0" tests="2" name="com.timeKeeping.actitime.basicTest.CrossBrowserTesting2" time="3.744" errors="0" timestamp="2022-07-23T14:56:17 IST" skipped="0">
  <testcase classname="com.timeKeeping.actitime.basicTest.CrossBrowserTesting2" name="demo2" time="0.006"/>
  <system-out/>
  <testcase classname="com.timeKeeping.actitime.basicTest.CrossBrowserTesting2" name="demo2" time="3.738"/>
  <system-out/>
</testsuite> <!-- com.timeKeeping.actitime.basicTest.CrossBrowserTesting2 -->
